# JRE version: Java(TM) SE Runtime Environment 18.9 (11.0.18+9) (build 11.0.18+9-LTS-195)
# Java VM: Java HotSpot(TM) 64-Bit Server VM 18.9 (11.0.18+9-LTS-195, mixed mode, tiered, compressed oops, g1 gc, windows-amd64)
Heap:
 garbage-first heap   total 217088K, used 99328K [0x0000000751200000, 0x0000000800000000)
  region size 1024K, 52 young (53248K), 10 survivors (10240K)
 Metaspace       used 76405K, capacity 77238K, committed 77520K, reserved 1118208K
  class space    used 8613K, capacity 8971K, committed 9088K, reserved 1048576K
GC Heap History (10 events):
Event: 10.257 GC heap before
{Heap before GC invocations=7 (full 0):
 garbage-first heap   total 180224K, used 60378K [0x0000000751200000, 0x0000000800000000)
  region size 1024K, 39 young (39936K), 3 survivors (3072K)
 Metaspace       used 43155K, capacity 43576K, committed 43856K, reserved 1087488K
  class space    used 5152K, capacity 5347K, committed 5376K, reserved 1048576K
}
Event: 10.267 GC heap after
{Heap after GC invocations=8 (full 0):
 garbage-first heap   total 180224K, used 26864K [0x0000000751200000, 0x0000000800000000)
  region size 1024K, 5 young (5120K), 5 survivors (5120K)
 Metaspace       used 43155K, capacity 43576K, committed 43856K, reserved 1087488K
  class space    used 5152K, capacity 5347K, committed 5376K, reserved 1048576K
}
Event: 13.198 GC heap before
{Heap before GC invocations=8 (full 0):
 garbage-first heap   total 180224K, used 89328K [0x0000000751200000, 0x0000000800000000)
  region size 1024K, 63 young (64512K), 5 survivors (5120K)
 Metaspace       used 49583K, capacity 50024K, committed 50256K, reserved 1093632K
  class space    used 5831K, capacity 6048K, committed 6144K, reserved 1048576K
}
Event: 13.221 GC heap after
{Heap after GC invocations=9 (full 0):
 garbage-first heap   total 180224K, used 35487K [0x0000000751200000, 0x0000000800000000)
  region size 1024K, 8 young (8192K), 8 survivors (8192K)
 Metaspace       used 49583K, capacity 50024K, committed 50256K, reserved 1093632K
  class space    used 5831K, capacity 6048K, committed 6144K, reserved 1048576K
}
Event: 18.349 GC heap before
{Heap before GC invocations=9 (full 0):
 garbage-first heap   total 180224K, used 102047K [0x0000000751200000, 0x0000000800000000)
  region size 1024K, 73 young (74752K), 8 survivors (8192K)
 Metaspace       used 55567K, capacity 56119K, committed 56400K, reserved 1099776K
  class space    used 6366K, capacity 6624K, committed 6656K, reserved 1048576K
}
Event: 18.388 GC heap after
{Heap after GC invocations=10 (full 0):
 garbage-first heap   total 217088K, used 44695K [0x0000000751200000, 0x0000000800000000)
  region size 1024K, 9 young (9216K), 9 survivors (9216K)
 Metaspace       used 55567K, capacity 56119K, committed 56400K, reserved 1099776K
  class space    used 6366K, capacity 6624K, committed 6656K, reserved 1048576K
}
Event: 20.630 GC heap before
{Heap before GC invocations=10 (full 0):
 garbage-first heap   total 217088K, used 78487K [0x0000000751200000, 0x0000000800000000)
  region size 1024K, 43 young (44032K), 9 survivors (9216K)
 Metaspace       used 59455K, capacity 60055K, committed 60240K, reserved 1101824K
  class space    used 6894K, capacity 7168K, committed 7168K, reserved 1048576K
}
Event: 20.659 GC heap after
{Heap after GC invocations=11 (full 0):
 garbage-first heap   total 217088K, used 48755K [0x0000000751200000, 0x0000000800000000)
  region size 1024K, 4 young (4096K), 4 survivors (4096K)
 Metaspace       used 59455K, capacity 60055K, committed 60240K, reserved 1101824K
  class space    used 6894K, capacity 7168K, committed 7168K, reserved 1048576K
}
Event: 28.198 GC heap before
{Heap before GC invocations=12 (full 0):
 garbage-first heap   total 217088K, used 123507K [0x0000000751200000, 0x0000000800000000)
  region size 1024K, 77 young (78848K), 4 survivors (4096K)
 Metaspace       used 69602K, capacity 70416K, committed 70608K, reserved 1112064K
  class space    used 7878K, capacity 8233K, committed 8320K, reserved 1048576K
}
Event: 28.227 GC heap after
{Heap after GC invocations=13 (full 0):
 garbage-first heap   total 217088K, used 57344K [0x0000000751200000, 0x0000000800000000)
  region size 1024K, 10 young (10240K), 10 survivors (10240K)
 Metaspace       used 69602K, capacity 70416K, committed 70608K, reserved 1112064K
  class space    used 7878K, capacity 8233K, committed 8320K, reserved 1048576K
}

